0 info it worked if it ends with ok
1 verbose cli [ 'C:\\Program Files\\nodejs\\node.exe',
1 verbose cli   'C:\\Program Files\\nodejs\\node_modules\\npm\\bin\\npm-cli.js',
1 verbose cli   'run',
1 verbose cli   'lint' ]
2 info using npm@3.9.0
3 info using node@v4.4.4
4 verbose run-script [ 'prelint', 'lint', 'postlint' ]
5 info lifecycle ut-rule@5.5.9~prelint: ut-rule@5.5.9
6 silly lifecycle ut-rule@5.5.9~prelint: no script for prelint, continuing
7 info lifecycle ut-rule@5.5.9~lint: ut-rule@5.5.9
8 verbose lifecycle ut-rule@5.5.9~lint: unsafe-perm in lifecycle true
9 verbose lifecycle ut-rule@5.5.9~lint: PATH: C:\Program Files\nodejs\node_modules\npm\bin\node-gyp-bin;C:\ut5\ut\node_modules\ut-rule\node_modules\.bin;C:\ut5\ut\node_modules\.bin;C:\Program Files\nodejs;C:\ProgramData\Oracle\Java\javapath;C:\WINDOWS\system32;C:\WINDOWS;C:\WINDOWS\System32\Wbem;C:\WINDOWS\System32\WindowsPowerShell\v1.0\;C:\Program Files (x86)\Skype\Phone\;C:\Program Files\Google\Google Apps Sync\;C:\Program Files\Google\Google Apps Migration\;C:\Program Files\nodejs\;C:\Program Files\Git\cmd;C:\Program Files\TortoiseGit\bin;C:\Users\stamen.peev\AppData\Roaming\npm;C:\Program Files (x86)\Microsoft VS Code\bin;C:\Users\stamen.peev\AppData\Local\Microsoft\WindowsApps;
10 verbose lifecycle ut-rule@5.5.9~lint: CWD: C:\ut5\ut\node_modules\ut-rule
11 silly lifecycle ut-rule@5.5.9~lint: Args: [ '/d /s /c', 'ut-lint .' ]
12 silly lifecycle ut-rule@5.5.9~lint: Returned: code: 1  signal: null
13 info lifecycle ut-rule@5.5.9~lint: Failed to exec lint script
14 verbose stack Error: ut-rule@5.5.9 lint: `ut-lint .`
14 verbose stack Exit status 1
14 verbose stack     at EventEmitter.<anonymous> (C:\Program Files\nodejs\node_modules\npm\lib\utils\lifecycle.js:245:16)
14 verbose stack     at emitTwo (events.js:87:13)
14 verbose stack     at EventEmitter.emit (events.js:172:7)
14 verbose stack     at ChildProcess.<anonymous> (C:\Program Files\nodejs\node_modules\npm\lib\utils\spawn.js:24:14)
14 verbose stack     at emitTwo (events.js:87:13)
14 verbose stack     at ChildProcess.emit (events.js:172:7)
14 verbose stack     at maybeClose (internal/child_process.js:827:16)
14 verbose stack     at Process.ChildProcess._handle.onexit (internal/child_process.js:211:5)
15 verbose pkgid ut-rule@5.5.9
16 verbose cwd C:\ut5\ut\node_modules\ut-rule
17 error Windows_NT 10.0.14393
18 error argv "C:\\Program Files\\nodejs\\node.exe" "C:\\Program Files\\nodejs\\node_modules\\npm\\bin\\npm-cli.js" "run" "lint"
19 error node v4.4.4
20 error npm  v3.9.0
21 error code ELIFECYCLE
22 error ut-rule@5.5.9 lint: `ut-lint .`
22 error Exit status 1
23 error Failed at the ut-rule@5.5.9 lint script 'ut-lint .'.
23 error Make sure you have the latest version of node.js and npm installed.
23 error If you do, this is most likely a problem with the ut-rule package,
23 error not with npm itself.
23 error Tell the author that this fails on your system:
23 error     ut-lint .
23 error You can get information on how to open an issue for this project with:
23 error     npm bugs ut-rule
23 error Or if that isn't available, you can get their info via:
23 error     npm owner ls ut-rule
23 error There is likely additional logging output above.
24 verbose exit [ 1, true ]
